  Performing Custom Build Tools
  copy "C:\Users\dkvandyke\Source\Repos\16_Xerxes-C\xerces-c-3.1.2\src\xercesc\util\Xerces_autoconf_config.msvc.hpp" "C:\Users\dkvandyke\Source\Repos\16_Xerxes-C\xerces-c-3.1.2\src\xercesc\util\Xerces_autoconf_config.hpp"
          1 file(s) copied.
  Base64.cpp
  BinFileInputStream.cpp
  BinInputStream.cpp
  BinMemInputStream.cpp
  BitSet.cpp
  DefaultPanicHandler.cpp
  EncodingValidator.cpp
  HeaderDummy.cpp
  HexBin.cpp
  KVStringPair.cpp
  Mutexes.cpp
  PanicHandler.cpp
  PlatformUtils.cpp
  PSVIUni.cpp
  QName.cpp
  StringPool.cpp
  SynchronizedStringPool.cpp
  TransService.cpp
  XMemory.cpp
  XML256TableTranscoder.cpp
  Compiling...
  XML88591Transcoder.cpp
  XMLAbstractDoubleFloat.cpp
  XMLASCIITranscoder.cpp
  XMLBigDecimal.cpp
  XMLBigInteger.cpp
  XMLChar.cpp
  XMLChTranscoder.cpp
  XMLDateTime.cpp
  XMLDouble.cpp
  XMLEBCDICTranscoder.cpp
  XMLException.cpp
  XMLFloat.cpp
  XMLIBM1047Transcoder.cpp
  XMLIBM1140Transcoder.cpp
  XMLInitializer.cpp
  XMLMsgLoader.cpp
  XMLNumber.cpp
  XMLString.cpp
  XMLStringTokenizer.cpp
  XMLUCS4Transcoder.cpp
  Compiling...
  XMLUni.cpp
  XMLUri.cpp
  XMLURL.cpp
  XMLUTF16Transcoder.cpp
  XMLUTF8Transcoder.cpp
  XMLWin1252Transcoder.cpp
  Win32MsgLoader.cpp
  Win32TransService.cpp
  BinHTTPInputStreamCommon.cpp
  BinHTTPURLInputStream.cpp
  WinSockNetAccessor.cpp
  ASCIIRangeFactory.cpp
  BlockRangeFactory.cpp
  BMPattern.cpp
  CharToken.cpp
  ClosureToken.cpp
  ConcatToken.cpp
  Match.cpp
  Op.cpp
  OpFactory.cpp
  Compiling...
  ParenToken.cpp
  ParserForXMLSchema.cpp
  RangeFactory.cpp
  RangeToken.cpp
  RangeTokenMap.cpp
  RegularExpression.cpp
  RegxParser.cpp
  RegxUtil.cpp
  StringToken.cpp
  Token.cpp
  TokenFactory.cpp
  UnicodeRangeFactory.cpp
  UnionToken.cpp
  XMLRangeFactory.cpp
  XMLUniCharacter.cpp
  WindowsFileMgr.cpp
  WindowsMutexMgr.cpp
  LocalFileFormatTarget.cpp
  LocalFileInputSource.cpp
  MemBufFormatTarget.cpp
  Compiling...
  MemBufInputSource.cpp
  StdInInputSource.cpp
  StdOutFormatTarget.cpp
  URLInputSource.cpp
  Wrapper4DOMLSInput.cpp
  Wrapper4InputSource.cpp
  XMLAttDef.cpp
  XMLAttDefList.cpp
  XMLAttr.cpp
  XMLBuffer.cpp
  XMLBufferMgr.cpp
  XMLContentModel.cpp
  XMLDTDDescription.cpp
  XMLElementDecl.cpp
  XMLEntityDecl.cpp
  XMLFormatter.cpp
  XMLGrammarDescription.cpp
  XMLGrammarPoolImpl.cpp
  XMLNotationDecl.cpp
  XMLRecognizer.cpp
  Compiling...
  XMLRefInfo.cpp
  XMLSchemaDescription.cpp
  XMLValidator.cpp
  PSVIAttribute.cpp
  PSVIAttributeList.cpp
  PSVIElement.cpp
  PSVIItem.cpp
  XSAnnotation.cpp
  XSAttributeDeclaration.cpp
  XSAttributeGroupDefinition.cpp
  XSAttributeUse.cpp
  XSComplexTypeDefinition.cpp
  XSElementDeclaration.cpp
  XSFacet.cpp
  XSIDCDefinition.cpp
  XSModel.cpp
  XSModelGroup.cpp
  XSModelGroupDefinition.cpp
  XSMultiValueFacet.cpp
  XSNamespaceItem.cpp
  Compiling...
  XSNotationDeclaration.cpp
  XSObject.cpp
  XSParticle.cpp
  XSSimpleTypeDefinition.cpp
  XSTypeDefinition.cpp
  XSValue.cpp
  XSWildcard.cpp
  BinFileOutputStream.cpp
  BinMemOutputStream.cpp
  BinOutputStream.cpp
  DGXMLScanner.cpp
  ElemStack.cpp
  IGXMLScanner.cpp
  IGXMLScanner2.cpp
  MemoryManagerImpl.cpp
  ReaderMgr.cpp
  SGXMLScanner.cpp
  ValidationContextImpl.cpp
  VecAttributesImpl.cpp
  VecAttrListImpl.cpp
  Compiling...
  WFXMLScanner.cpp
  XMLReader.cpp
  XMLScanner.cpp
  XMLScannerResolver.cpp
  XProtoType.cpp
  XSAXMLScanner.cpp
  XSerializeEngine.cpp
  XSObjectFactory.cpp
  XTemplateSerializer.cpp
  Dummy.cpp
  InputSource.cpp
  SAXException.cpp
  SAXParseException.cpp
  AbstractDOMParser.cpp
  DOMLSParserImpl.cpp
  SAX2XMLFilterImpl.cpp
  SAX2XMLReaderImpl.cpp
  SAXParser.cpp
  XercesDOMParser.cpp
  AllContentModel.cpp
  Compiling...
  CMAny.cpp
  CMBinaryOp.cpp
  CMUnaryOp.cpp
  ContentLeafNameTypeVector.cpp
  ContentSpecNode.cpp
  DFAContentModel.cpp
  Grammar.cpp
  GrammarResolver.cpp
  MixedContentModel.cpp
  SimpleContentModel.cpp
  AbstractNumericFacetValidator.cpp
  AbstractNumericValidator.cpp
  AbstractStringValidator.cpp
  AnySimpleTypeDatatypeValidator.cpp
  AnyURIDatatypeValidator.cpp
  Base64BinaryDatatypeValidator.cpp
  BooleanDatatypeValidator.cpp
  DatatypeValidator.cpp
  DatatypeValidatorFactory.cpp
  DateDatatypeValidator.cpp
  Compiling...
  DateTimeDatatypeValidator.cpp
  DateTimeValidator.cpp
  DayDatatypeValidator.cpp
  DecimalDatatypeValidator.cpp
  DoubleDatatypeValidator.cpp
  DurationDatatypeValidator.cpp
  ENTITYDatatypeValidator.cpp
  FloatDatatypeValidator.cpp
  HexBinaryDatatypeValidator.cpp
  IDDatatypeValidator.cpp
  IDREFDatatypeValidator.cpp
  ListDatatypeValidator.cpp
  MonthDatatypeValidator.cpp
  MonthDayDatatypeValidator.cpp
  NameDatatypeValidator.cpp
  NCNameDatatypeValidator.cpp
  NOTATIONDatatypeValidator.cpp
  QNameDatatypeValidator.cpp
  StringDatatypeValidator.cpp
  TimeDatatypeValidator.cpp
  Compiling...
  UnionDatatypeValidator.cpp
  XMLCanRepGroup.cpp
  YearDatatypeValidator.cpp
  YearMonthDatatypeValidator.cpp
  DTDAttDef.cpp
  DTDAttDefList.cpp
  DTDElementDecl.cpp
  DTDEntityDecl.cpp
  DTDGrammar.cpp
  DTDScanner.cpp
  DTDValidator.cpp
  XMLDTDDescriptionImpl.cpp
  ComplexTypeInfo.cpp
  GeneralAttributeCheck.cpp
  NamespaceScope.cpp
  SchemaAttDef.cpp
  SchemaAttDefList.cpp
  SchemaElementDecl.cpp
  SchemaGrammar.cpp
  SchemaInfo.cpp
  Compiling...
  SchemaSymbols.cpp
  SchemaValidator.cpp
  SubstitutionGroupComparator.cpp
  TraverseSchema.cpp
  XercesAttGroupInfo.cpp
  XercesElementWildcard.cpp
  XercesGroupInfo.cpp
  XMLSchemaDescriptionImpl.cpp
  XSDDOMParser.cpp
  XSDErrorReporter.cpp
  XSDLocator.cpp
  XUtil.cpp
  FieldActivator.cpp
  FieldValueMap.cpp
  IC_Field.cpp
  IC_Key.cpp
  IC_KeyRef.cpp
  IC_Selector.cpp
  IC_Unique.cpp
  IdentityConstraint.cpp
  Compiling...
  IdentityConstraintHandler.cpp
  ValueStore.cpp
  ValueStoreCache.cpp
  XercesXPath.cpp
  XPathMatcher.cpp
  XPathMatcherStack.cpp
  XPathSymbols.cpp
  sax2Dummy.cpp
  DOMException.cpp
  DOMLSException.cpp
  DOMRangeException.cpp
  DOMXPathException.cpp
  DOMAttrImpl.cpp
  DOMAttrMapImpl.cpp
  DOMAttrNSImpl.cpp
  DOMCDATASectionImpl.cpp
  DOMCharacterDataImpl.cpp
  DOMChildNode.cpp
  DOMCommentImpl.cpp
  DOMConfigurationImpl.cpp
  Compiling...
  DOMDeepNodeListImpl.cpp
  DOMDocumentFragmentImpl.cpp
  DOMDocumentImpl.cpp
  DOMDocumentTypeImpl.cpp
  DOMElementImpl.cpp
  DOMElementNSImpl.cpp
  DOMEntityImpl.cpp
  DOMEntityReferenceImpl.cpp
  DOMErrorImpl.cpp
  DOMImplementationImpl.cpp
  DOMImplementationListImpl.cpp
  DOMImplementationRegistry.cpp
  DOMLocatorImpl.cpp
  DOMLSInputImpl.cpp
  DOMLSOutputImpl.cpp
  DOMLSSerializerImpl.cpp
  DOMNamedNodeMapImpl.cpp
  DOMNodeIDMap.cpp
  DOMNodeImpl.cpp
  DOMNodeIteratorImpl.cpp
  Compiling...
  DOMNodeListImpl.cpp
  DOMNodeVector.cpp
  DOMNormalizer.cpp
  DOMNotationImpl.cpp
  DOMParentNode.cpp
  DOMProcessingInstructionImpl.cpp
  DOMRangeImpl.cpp
  DOMStringListImpl.cpp
  DOMStringPool.cpp
  DOMTextImpl.cpp
  DOMTreeWalkerImpl.cpp
  DOMTypeInfoImpl.cpp
  DOMXPathExpressionImpl.cpp
  DOMXPathNSResolverImpl.cpp
  DOMXPathResultImpl.cpp
  XSDElementNSImpl.cpp
  XIncludeDOMDocumentProcessor.cpp
  XIncludeLocation.cpp
  XIncludeUtils.cpp
     Creating library .\..\..\..\..\..\Build\Win32\VC12\Release\xerces-c_3.lib and object .\..\..\..\..\..\Build\Win32\VC12\Release\xerces-c_3.exp
  Generating code
  Finished generating code
  XercesLib.vcxproj -> C:\Users\dkvandyke\Source\Repos\16_Xerxes-C\xerces-c-3.1.2\projects\Win32\VC12\xerces-all\XercesLib\.\..\..\..\..\..\Build\Win32\VC12\Release\xerces-c_3_1.dll
